TN:
SF:src/modules/appointments/services/CreateAppointmentServices.ts
FN:13,(anonymous_18)
FN:14,CreateAppointmentServices
FN:19,(anonymous_20)
FNF:3
FNH:3
FNDA:1,(anonymous_18)
FNDA:2,CreateAppointmentServices
FNDA:3,(anonymous_20)
DA:1,1
DA:2,1
DA:4,1
DA:13,1
DA:16,2
DA:19,3
DA:20,3
DA:22,3
DA:26,3
DA:27,1
DA:30,2
DA:35,2
DA:37,1
DA:39,1
LF:14
LH:14
BRDA:26,0,0,1
BRDA:26,0,1,2
BRF:2
BRH:2
end_of_record
TN:
SF:src/modules/users/services/AuthenticateUserService.ts
FN:20,(anonymous_18)
FN:21,AuthenticateUserService
FN:26,(anonymous_20)
FNF:3
FNH:3
FNDA:1,(anonymous_18)
FNDA:3,AuthenticateUserService
FNDA:3,(anonymous_20)
DA:2,1
DA:3,1
DA:4,1
DA:6,1
DA:20,1
DA:22,3
DA:23,3
DA:26,3
DA:27,3
DA:29,3
DA:30,1
DA:33,2
DA:38,2
DA:39,1
DA:42,1
DA:46,1
DA:48,1
DA:53,1
DA:55,1
DA:57,1
LF:20
LH:20
BRDA:27,0,0,3
BRDA:29,1,0,1
BRDA:29,1,1,2
BRDA:38,2,0,1
BRDA:38,2,1,1
BRF:5
BRH:5
end_of_record
TN:
SF:src/modules/users/services/CreateUserService.ts
FN:14,(anonymous_18)
FN:15,CreateUserService
FN:20,(anonymous_20)
FNF:3
FNH:3
FNDA:3,(anonymous_18)
FNDA:6,CreateUserService
FNDA:7,(anonymous_20)
DA:2,3
DA:4,3
DA:14,3
DA:16,6
DA:17,6
DA:20,7
DA:21,7
DA:23,7
DA:24,1
DA:26,6
DA:28,6
DA:34,6
DA:36,3
DA:38,3
LF:14
LH:14
BRDA:21,0,0,7
BRDA:23,1,0,1
BRDA:23,1,1,6
BRF:3
BRH:3
end_of_record
TN:
SF:src/modules/users/services/UpdateUserAvatarService.ts
FN:16,(anonymous_18)
FN:17,UpdateUserAvatarService
FN:22,(anonymous_20)
FNF:3
FNH:3
FNDA:1,(anonymous_18)
FNDA:3,UpdateUserAvatarService
FNDA:4,(anonymous_20)
DA:5,1
DA:7,1
DA:16,1
DA:18,3
DA:19,3
DA:22,4
DA:23,4
DA:25,4
DA:26,1
DA:29,5
DA:31,2
DA:34,3
DA:36,3
DA:39,6
DA:41,3
DA:43,3
DA:45,1
DA:47,1
LF:18
LH:18
BRDA:23,0,0,4
BRDA:23,0,1,3
BRDA:25,1,0,1
BRDA:25,1,1,3
BRDA:29,2,0,2
BRDA:29,2,1,1
BRF:6
BRH:6
end_of_record
